<?xml version="1.0" encoding="UTF-8"?>
<testsuites>
	<testsuite tests="0" failures="0" time="0.000000" name="github.com/vulogov/TSAK.clips/cmd/tsak.clips">
		<properties>
			<property name="go.version" value="go1.16 darwin/amd64"></property>
		</properties>
	</testsuite>
	<testsuite tests="0" failures="0" time="0.000000" name="github.com/vulogov/TSAK.clips/internal/banner">
		<properties>
			<property name="go.version" value="go1.16 darwin/amd64"></property>
		</properties>
	</testsuite>
	<testsuite tests="0" failures="0" time="0.000000" name="github.com/vulogov/TSAK.clips/internal/clips">
		<properties>
			<property name="go.version" value="go1.16 darwin/amd64"></property>
		</properties>
	</testsuite>
	<testsuite tests="0" failures="0" time="0.000000" name="github.com/vulogov/TSAK.clips/internal/conf">
		<properties>
			<property name="go.version" value="go1.16 darwin/amd64"></property>
		</properties>
	</testsuite>
	<testsuite tests="0" failures="0" time="0.000000" name="github.com/vulogov/TSAK.clips/internal/log">
		<properties>
			<property name="go.version" value="go1.16 darwin/amd64"></property>
		</properties>
	</testsuite>
	<testsuite tests="0" failures="0" time="0.000000" name="github.com/vulogov/TSAK.clips/internal/tsak">
		<properties>
			<property name="go.version" value="go1.16 darwin/amd64"></property>
		</properties>
	</testsuite>
	<testsuite tests="0" failures="0" time="0.000000" name="github.com/vulogov/TSAK.clips/packages">
		<properties>
			<property name="go.version" value="go1.16 darwin/amd64"></property>
		</properties>
	</testsuite>
</testsuites>